{"total": {"lines":{"total":527,"covered":525,"skipped":0,"pct":99.62},"statements":{"total":527,"covered":525,"skipped":0,"pct":99.62},"functions":{"total":66,"covered":66,"skipped":0,"pct":100},"branches":{"total":300,"covered":295,"skipped":0,"pct":98.33},"branchesTrue":{"total":0,"covered":0,"skipped":0,"pct":100}}
,"C:\\Users\\Usuario\\Documents\\Projects\\citypass-event-gateway\\frontend\\dashboard\\src\\api\\anomalies.ts": {"lines":{"total":10,"covered":10,"skipped":0,"pct":100},"functions":{"total":3,"covered":3,"skipped":0,"pct":100},"statements":{"total":10,"covered":10,"skipped":0,"pct":100},"branches":{"total":3,"covered":3,"skipped":0,"pct":100}}
,"C:\\Users\\Usuario\\Documents\\Projects\\citypass-event-gateway\\frontend\\dashboard\\src\\api\\auth.ts": {"lines":{"total":14,"covered":14,"skipped":0,"pct":100},"functions":{"total":1,"covered":1,"skipped":0,"pct":100},"statements":{"total":14,"covered":14,"skipped":0,"pct":100},"branches":{"total":2,"covered":2,"skipped":0,"pct":100}}
,"C:\\Users\\Usuario\\Documents\\Projects\\citypass-event-gateway\\frontend\\dashboard\\src\\api\\client.ts": {"lines":{"total":46,"covered":44,"skipped":0,"pct":95.65},"functions":{"total":6,"covered":6,"skipped":0,"pct":100},"statements":{"total":46,"covered":44,"skipped":0,"pct":95.65},"branches":{"total":27,"covered":25,"skipped":0,"pct":92.59}}
,"C:\\Users\\Usuario\\Documents\\Projects\\citypass-event-gateway\\frontend\\dashboard\\src\\api\\gateway.ts": {"lines":{"total":27,"covered":27,"skipped":0,"pct":100},"functions":{"total":8,"covered":8,"skipped":0,"pct":100},"statements":{"total":27,"covered":27,"skipped":0,"pct":100},"branches":{"total":10,"covered":10,"skipped":0,"pct":100}}
,"C:\\Users\\Usuario\\Documents\\Projects\\citypass-event-gateway\\frontend\\dashboard\\src\\domain\\anomalies.ts": {"lines":{"total":34,"covered":34,"skipped":0,"pct":100},"functions":{"total":6,"covered":6,"skipped":0,"pct":100},"statements":{"total":34,"covered":34,"skipped":0,"pct":100},"branches":{"total":21,"covered":21,"skipped":0,"pct":100}}
,"C:\\Users\\Usuario\\Documents\\Projects\\citypass-event-gateway\\frontend\\dashboard\\src\\domain\\avro.ts": {"lines":{"total":61,"covered":61,"skipped":0,"pct":100},"functions":{"total":6,"covered":6,"skipped":0,"pct":100},"statements":{"total":61,"covered":61,"skipped":0,"pct":100},"branches":{"total":53,"covered":53,"skipped":0,"pct":100}}
,"C:\\Users\\Usuario\\Documents\\Projects\\citypass-event-gateway\\frontend\\dashboard\\src\\domain\\deadLetters.ts": {"lines":{"total":35,"covered":35,"skipped":0,"pct":100},"functions":{"total":3,"covered":3,"skipped":0,"pct":100},"statements":{"total":35,"covered":35,"skipped":0,"pct":100},"branches":{"total":17,"covered":17,"skipped":0,"pct":100}}
,"C:\\Users\\Usuario\\Documents\\Projects\\citypass-event-gateway\\frontend\\dashboard\\src\\domain\\eventTypes.ts": {"lines":{"total":36,"covered":36,"skipped":0,"pct":100},"functions":{"total":5,"covered":5,"skipped":0,"pct":100},"statements":{"total":36,"covered":36,"skipped":0,"pct":100},"branches":{"total":25,"covered":25,"skipped":0,"pct":100}}
,"C:\\Users\\Usuario\\Documents\\Projects\\citypass-event-gateway\\frontend\\dashboard\\src\\domain\\format.ts": {"lines":{"total":14,"covered":14,"skipped":0,"pct":100},"functions":{"total":3,"covered":3,"skipped":0,"pct":100},"statements":{"total":14,"covered":14,"skipped":0,"pct":100},"branches":{"total":12,"covered":12,"skipped":0,"pct":100}}
,"C:\\Users\\Usuario\\Documents\\Projects\\citypass-event-gateway\\frontend\\dashboard\\src\\domain\\overview.ts": {"lines":{"total":61,"covered":61,"skipped":0,"pct":100},"functions":{"total":2,"covered":2,"skipped":0,"pct":100},"statements":{"total":61,"covered":61,"skipped":0,"pct":100},"branches":{"total":20,"covered":20,"skipped":0,"pct":100}}
,"C:\\Users\\Usuario\\Documents\\Projects\\citypass-event-gateway\\frontend\\dashboard\\src\\domain\\scope.ts": {"lines":{"total":35,"covered":35,"skipped":0,"pct":100},"functions":{"total":2,"covered":2,"skipped":0,"pct":100},"statements":{"total":35,"covered":35,"skipped":0,"pct":100},"branches":{"total":5,"covered":5,"skipped":0,"pct":100}}
,"C:\\Users\\Usuario\\Documents\\Projects\\citypass-event-gateway\\frontend\\dashboard\\src\\domain\\tally.ts": {"lines":{"total":17,"covered":17,"skipped":0,"pct":100},"functions":{"total":3,"covered":3,"skipped":0,"pct":100},"statements":{"total":17,"covered":17,"skipped":0,"pct":100},"branches":{"total":14,"covered":14,"skipped":0,"pct":100}}
,"C:\\Users\\Usuario\\Documents\\Projects\\citypass-event-gateway\\frontend\\dashboard\\src\\domain\\time.ts": {"lines":{"total":44,"covered":44,"skipped":0,"pct":100},"functions":{"total":4,"covered":4,"skipped":0,"pct":100},"statements":{"total":44,"covered":44,"skipped":0,"pct":100},"branches":{"total":30,"covered":30,"skipped":0,"pct":100}}
,"C:\\Users\\Usuario\\Documents\\Projects\\citypass-event-gateway\\frontend\\dashboard\\src\\hooks\\useHashTab.ts": {"lines":{"total":14,"covered":14,"skipped":0,"pct":100},"functions":{"total":5,"covered":5,"skipped":0,"pct":100},"statements":{"total":14,"covered":14,"skipped":0,"pct":100},"branches":{"total":13,"covered":13,"skipped":0,"pct":100}}
,"C:\\Users\\Usuario\\Documents\\Projects\\citypass-event-gateway\\frontend\\dashboard\\src\\hooks\\useNow.ts": {"lines":{"total":8,"covered":8,"skipped":0,"pct":100},"functions":{"total":3,"covered":3,"skipped":0,"pct":100},"statements":{"total":8,"covered":8,"skipped":0,"pct":100},"branches":{"total":9,"covered":9,"skipped":0,"pct":100}}
,"C:\\Users\\Usuario\\Documents\\Projects\\citypass-event-gateway\\frontend\\dashboard\\src\\hooks\\usePolling.ts": {"lines":{"total":61,"covered":61,"skipped":0,"pct":100},"functions":{"total":4,"covered":4,"skipped":0,"pct":100},"statements":{"total":61,"covered":61,"skipped":0,"pct":100},"branches":{"total":31,"covered":28,"skipped":0,"pct":90.32}}
,"C:\\Users\\Usuario\\Documents\\Projects\\citypass-event-gateway\\frontend\\dashboard\\src\\hooks\\useResource.ts": {"lines":{"total":10,"covered":10,"skipped":0,"pct":100},"functions":{"total":2,"covered":2,"skipped":0,"pct":100},"statements":{"total":10,"covered":10,"skipped":0,"pct":100},"branches":{"total":8,"covered":8,"skipped":0,"pct":100}}
}
